<?xml version="1.0" encoding="UTF-8"?>
<!-- Generated by org.testng.reporters.JUnitReportReporter -->
<testsuite skipped="0" hostname="DESKTOP-3JGL9VF" name="project_Execution.Testcase1_Execution" tests="1" failures="0" timestamp="2020-09-03T18:39:01 IST" time="9.887" errors="0">
  <testcase name="TestCase1" time="9.887" classname="project_Execution.Testcase1_Execution"/>
  <system-out/>
</testsuite> <!-- project_Execution.Testcase1_Execution -->
