<?xml version="1.0" encoding="UTF-8"?>
<!-- Generated by org.testng.reporters.JUnitReportReporter -->
<testsuite skipped="0" hostname="DESKTOP-3JGL9VF" name="project_Execution.Testcase2_Execution" tests="1" failures="0" timestamp="2020-09-03T18:39:01 IST" time="1.283" errors="0">
  <testcase name="TestCase2" time="1.283" classname="project_Execution.Testcase2_Execution"/>
  <system-out/>
</testsuite> <!-- project_Execution.Testcase2_Execution -->
