<?xml version="1.0" encoding="UTF-8"?>
<!-- Generated by org.testng.reporters.JUnitReportReporter -->
<testsuite skipped="0" hostname="DESKTOP-3JGL9VF" name="general_Actions.CommonFunctions" tests="1" failures="0" timestamp="2020-08-29T17:51:20 IST" time="12.860" errors="0">
  <testcase name="Browserlaunching" time="12.860" classname="general_Actions.CommonFunctions"/>
  <system-out/>
</testsuite> <!-- general_Actions.CommonFunctions -->
