<?xml version="1.0" encoding="UTF-8"?>
<!-- Generated by org.testng.reporters.JUnitReportReporter -->
<testsuite skipped="0" hostname="DESKTOP-3JGL9VF" name="project_Execution.Testcase3_Execution" tests="1" failures="0" timestamp="2020-09-03T18:39:01 IST" time="0.887" errors="0">
  <testcase name="Testcase3" time="0.887" classname="project_Execution.Testcase3_Execution"/>
  <system-out/>
</testsuite> <!-- project_Execution.Testcase3_Execution -->
